<?xml version="1.0" encoding="UTF-8"?>
<testsuite name="ru.stqa.train.addressbook.tests.ContactCreationTestsFileAttachedCheck" tests="1" skipped="0" failures="0" errors="0" timestamp="2018-06-11T16:08:07" hostname="saymonPC" time="2.167">
  <properties/>
  <testcase name="testContactCreationFileAttachedCheck" classname="ru.stqa.train.addressbook.tests.ContactCreationTestsFileAttachedCheck" time="2.167"/>
  <system-out><![CDATA[]]></system-out>
  <system-err><![CDATA[]]></system-err>
</testsuite>
