<?xml version="1.0" encoding="UTF-8"?>
<testsuite name="ru.stqa.train.addressbook.tests.ContactCreationTests" tests="2" skipped="0" failures="0" errors="0" timestamp="2018-06-11T15:58:30" hostname="saymonPC" time="9.833">
  <properties/>
  <testcase name="testContactCreation1[0](ContactData{id=2147483647, firstname='FirstName 0', middlename='null', lastname='LastName 0', address='Address 0', phoneHome='84950000000', phoneMobile='null', phoneWork='null', emailFirst='Email0@mail.com', emailSecond='null', emailThird='null', group='null', allPhones='null', allEmails='null'})" classname="ru.stqa.train.addressbook.tests.ContactCreationTests" time="6.105"/>
  <testcase name="testContactCreation1[1](ContactData{id=2147483647, firstname='FirstName 1', middlename='null', lastname='LastName 1', address='Address 1', phoneHome='84950000001', phoneMobile='null', phoneWork='null', emailFirst='Email1@mail.com', emailSecond='null', emailThird='null', group='null', allPhones='null', allEmails='null'})" classname="ru.stqa.train.addressbook.tests.ContactCreationTests" time="3.727"/>
  <system-out><![CDATA[]]></system-out>
  <system-err><![CDATA[]]></system-err>
</testsuite>
